[09/07/2022 20:18:37] Debug: Session id: 2bb29687-ca91-407e-a6fe-ab91aad76be4
[09/07/2022 20:18:37] Debug: Code Processor information: Name :SnowConvert, Version: 9.0.14.0
[09/07/2022 20:18:38] Debug: Getting license
[09/07/2022 20:18:38] Debug: License information
	Status: Failed
	Message: No active license available.
[09/07/2022 20:18:38] Info: Starting to validate parameters
[09/07/2022 20:18:38] Info: Parameters to validate: 
	Execution mode: Conversion
	LICENSE_KEY: a3372138-b87e-4a08-b929-3b48b24c63f1
[09/07/2022 20:18:38] Info: Validation of parameters: Success
[09/07/2022 20:18:38] Debug: Getting code descriptor
[09/07/2022 20:18:38] Debug: Code descriptor information
	Units: 51
	Units type: LOC
	All file bytes: 2141
	All found extensions: .sql,.dml,.ddl,.bteq,.btq,.fl,.fload,.ml,.mload,.mld,.tp,.tpump,.tpt
[09/07/2022 20:18:38] Debug: Calculating fingerprint
[09/07/2022 20:18:38] Debug: Fingerprint information Fingerprint(size=2141,projects=1)
[09/07/2022 20:18:38] Info: Starting to try to validate online license for execution
[09/07/2022 20:18:40] Debug: Getting license
[09/07/2022 20:18:40] Debug: License information
	Status: Failed
	Message: No active license available.
[09/07/2022 20:18:40] Debug: Starting the execution of the controller
[09/07/2022 20:18:41] Debug: Executing the worker: SnowConvert
[09/07/2022 20:18:51] Debug: Finished executing the worker: SnowConvert
[09/07/2022 20:18:53] Info: Controller execution ended
